# JRE version: Java(TM) SE Runtime Environment (8.0_281-b09) (build 1.8.0_281-b09)
# Java VM: Java HotSpot(TM) 64-Bit Server VM (25.281-b09 mixed mode windows-amd64 compressed oops)
Heap:
 garbage-first heap   total 15958016K, used 589203K [0x00000003c0000000, 0x00000003c2000f38, 0x00000007c0000000)
  region size 32768K, 1 young (32768K), 1 survivors (32768K)
 Metaspace       used 61118K, capacity 61719K, committed 62336K, reserved 1101824K
  class space    used 8814K, capacity 9008K, committed 9088K, reserved 1048576K
GC Heap History (10 events):
Event: 21.206 GC heap after
Heap after GC invocations=91 (full 0):
 garbage-first heap   total 14188544K, used 518329K [0x00000003c0000000, 0x00000003c2000d88, 0x00000007c0000000)
  region size 32768K, 1 young (32768K), 1 survivors (32768K)
 Metaspace       used 61118K, capacity 61719K, committed 62336K, reserved 1101824K
  class space    used 8814K, capacity 9008K, committed 9088K, reserved 1048576K
}
Event: 21.353 GC heap before
{Heap before GC invocations=91 (full 0):
 garbage-first heap   total 14188544K, used 616633K [0x00000003c0000000, 0x00000003c2000d88, 0x00000007c0000000)
  region size 32768K, 4 young (131072K), 1 survivors (32768K)
 Metaspace       used 61118K, capacity 61719K, committed 62336K, reserved 1101824K
  class space    used 8814K, capacity 9008K, committed 9088K, reserved 1048576K
Event: 21.381 GC heap after
Heap after GC invocations=92 (full 0):
 garbage-first heap   total 14712832K, used 531055K [0x00000003c0000000, 0x00000003c2000e08, 0x00000007c0000000)
  region size 32768K, 1 young (32768K), 1 survivors (32768K)
 Metaspace       used 61118K, capacity 61719K, committed 62336K, reserved 1101824K
  class space    used 8814K, capacity 9008K, committed 9088K, reserved 1048576K
}
Event: 21.525 GC heap before
{Heap before GC invocations=92 (full 0):
 garbage-first heap   total 14712832K, used 629359K [0x00000003c0000000, 0x00000003c2000e08, 0x00000007c0000000)
  region size 32768K, 4 young (131072K), 1 survivors (32768K)
 Metaspace       used 61118K, capacity 61719K, committed 62336K, reserved 1101824K
  class space    used 8814K, capacity 9008K, committed 9088K, reserved 1048576K
Event: 21.551 GC heap after
Heap after GC invocations=93 (full 0):
 garbage-first heap   total 15138816K, used 548338K [0x00000003c0000000, 0x00000003c2000e70, 0x00000007c0000000)
  region size 32768K, 1 young (32768K), 1 survivors (32768K)
 Metaspace       used 61118K, capacity 61719K, committed 62336K, reserved 1101824K
  class space    used 8814K, capacity 9008K, committed 9088K, reserved 1048576K
}
Event: 21.698 GC heap before
{Heap before GC invocations=93 (full 0):
 garbage-first heap   total 15138816K, used 646642K [0x00000003c0000000, 0x00000003c2000e70, 0x00000007c0000000)
  region size 32768K, 4 young (131072K), 1 survivors (32768K)
 Metaspace       used 61118K, capacity 61719K, committed 62336K, reserved 1101824K
  class space    used 8814K, capacity 9008K, committed 9088K, reserved 1048576K
Event: 21.725 GC heap after
Heap after GC invocations=94 (full 0):
 garbage-first heap   total 15466496K, used 559098K [0x00000003c0000000, 0x00000003c2000ec0, 0x00000007c0000000)
  region size 32768K, 1 young (32768K), 1 survivors (32768K)
 Metaspace       used 61118K, capacity 61719K, committed 62336K, reserved 1101824K
  class space    used 8814K, capacity 9008K, committed 9088K, reserved 1048576K
}
Event: 21.870 GC heap before
{Heap before GC invocations=94 (full 0):
 garbage-first heap   total 15466496K, used 657402K [0x00000003c0000000, 0x00000003c2000ec0, 0x00000007c0000000)
  region size 32768K, 4 young (131072K), 1 survivors (32768K)
 Metaspace       used 61118K, capacity 61719K, committed 62336K, reserved 1101824K
  class space    used 8814K, capacity 9008K, committed 9088K, reserved 1048576K
Event: 21.900 GC heap after
Heap after GC invocations=95 (full 0):
 garbage-first heap   total 15728640K, used 573843K [0x00000003c0000000, 0x00000003c2000f00, 0x00000007c0000000)
  region size 32768K, 1 young (32768K), 1 survivors (32768K)
 Metaspace       used 61118K, capacity 61719K, committed 62336K, reserved 1101824K
  class space    used 8814K, capacity 9008K, committed 9088K, reserved 1048576K
}
Event: 22.045 GC heap before
{Heap before GC invocations=95 (full 0):
 garbage-first heap   total 15728640K, used 672147K [0x00000003c0000000, 0x00000003c2000f00, 0x00000007c0000000)
  region size 32768K, 4 young (131072K), 1 survivors (32768K)
 Metaspace       used 61118K, capacity 61719K, committed 62336K, reserved 1101824K
  class space    used 8814K, capacity 9008K, committed 9088K, reserved 1048576K

